<?xml version="1.0" encoding="UTF-8"?>
<testsuite xmlns:xsi="http://www.w3.org/2001/XMLSchema-instance" xsi:noNamespaceSchemaLocation="https://maven.apache.org/surefire/maven-surefire-plugin/xsd/surefire-test-report.xsd" name="runners.CukesRunner" time="480.693" tests="10" errors="0" skipped="0" failures="1">
  <properties>
[...]
</properties>
  <testcase name="Verify Nozzle which is Sterile high-precision conical bioprinting nozzles, 50 pieces and price under the online store" classname="Online store" time="58.453"/>
  <testcase name="Verify that sorting in the Online Store is working as expected" classname="Online store" time="48.417"/>
  <testcase name="Verify that productSearch in the Online Store is working as expected" classname="Online store" time="58.799"/>
  <testcase name="Verify that user should be able to see 6 Nozzles products" classname="Online store" time="43.856"/>
  <testcase name="Verify that user should be able to see first Nozzles product is &quot;Nozzle kit&quot;" classname="Online store" time="42.631"/>
  <testcase name="Verify that user should be able to see second Nozzles product is &quot;Sterile high-precision conical bioprinting nozzles, 50 pieces&quot;" classname="Online store" time="45.376"/>
  <testcase name="Verify that user should be able to see first Nozzles product is &quot;Sterile micron precision conical nozzles&quot;" classname="Online store" time="42.411"/>
  <testcase name="Verify that user should be able to see first Nozzles product is &quot;Sterile precision conical nozzles&quot;" classname="Online store" time="45.035"/>
  <testcase name="Verify that user should be able to see first Nozzles product is &quot;Sterile standard conical bioprinting nozzles, 50 pieces&quot;" classname="Online store" time="47.568">
    <failure type="java.lang.AssertionError">java.lang.AssertionError
</failure>
    <system-out><![CDATA[Before is executed FIRST regardless of it's placement
closing
]]></system-out>
    <system-err><![CDATA[Starting ChromeDriver 89.0.4389.23 (61b08ee2c50024bab004e48d2b1b083cdbdac579-refs/branch-heads/4389@{#294}) on port 32532
Only local connections are allowed.
Please see https://chromedriver.chromium.org/security-considerations for suggestions on keeping ChromeDriver safe.
ChromeDriver was started successfully.
Mar 25, 2021 7:23:12 PM org.openqa.selenium.remote.ProtocolHandshake createSession
INFO: Detected dialect: W3C
]]></system-err>
  </testcase>
  <testcase name="Verify that user should be able to see first Nozzles product is &quot;Thermoplastic nozzle&quot;" classname="Online store" time="46.069"/>
</testsuite>